<?xml version="1.0" encoding="UTF-8"?>
<!-- Generated by org.testng.reporters.JUnitXMLReporter -->
<testsuite hostname="Demir7" ignored="0" tests="19" failures="2" timestamp="2023-05-03T22:03:49 EET" time="12.634" errors="0">
  <testcase name="bodyArrayHasSize" time="2.917" classname="ZippoTest"/>
  <testcase name="checkCountryResponseBody" time="0.35" classname="ZippoTest"/>
  <testcase name="checkHasItemy" time="0.295" classname="ZippoTest"/>
  <testcase name="checkStateResponseBody" time="0.253" classname="ZippoTest"/>
  <testcase name="contentTypeTest" time="0.297" classname="ZippoTest"/>
  <testcase name="extractJsonAll_POJO" time="0.674" classname="ZippoTest"/>
  <testcase name="extractPOJO_soru" time="0.361" classname="ZippoTest"/>
  <testcase name="extractingJsonPResponseAll" time="1.369" classname="ZippoTest">
    <failure type="java.lang.AssertionError" message="expected [true] but found [false]">
      <![CDATA[java.lang.AssertionError: expected [true] but found [false]
at ZippoTest.extractingJsonPResponseAll(ZippoTest.java:394)
at java.util.ArrayList.forEach(ArrayList.java:1259)
... Removed 40 stack frames]]>
    </failure>
  </testcase> <!-- extractingJsonPResponseAll -->
  <testcase name="extractingJsonPath" time="0.324" classname="ZippoTest"/>
  <testcase name="extractingJsonPath2" time="0.259" classname="ZippoTest"/>
  <testcase name="extractingJsonPath3" time="0.51" classname="ZippoTest"/>
  <testcase name="extractingJsonPath4" time="0.428" classname="ZippoTest"/>
  <testcase name="extractingJsonPath5" time="0.475" classname="ZippoTest"/>
  <testcase name="pathParamTest" time="0.345" classname="ZippoTest"/>
  <testcase name="querryParamTest" time="0.758" classname="ZippoTest"/>
  <testcase name="querryParamTest2" time="0.866" classname="ZippoTest">
    <failure type="java.lang.AssertionError" message="1 expectation failed.
JSON path meta.pagination.page doesn&amp;apos;t match.
Expected: &amp;lt;0&amp;gt;
  Actual: &amp;lt;3&amp;gt;
">
      <![CDATA[java.lang.AssertionError: 1 expectation failed.
JSON path meta.pagination.page doesn't match.
Expected: <0>
  Actual: <3>

at org.codehaus.groovy.runtime.callsite.ConstructorSite$ConstructorSiteNoUnwrap.callConstructor(ConstructorSite.java:86)
at org.codehaus.groovy.runtime.callsite.CallSiteArray.defaultCallConstructor(CallSiteArray.java:58)
at org.codehaus.groovy.runtime.callsite.AbstractCallSite.callConstructor(AbstractCallSite.java:263)
at org.codehaus.groovy.runtime.callsite.AbstractCallSite.callConstructor(AbstractCallSite.java:277)
at io.restassured.internal.ResponseSpecificationImpl$HamcrestAssertionClosure.validate(ResponseSpecificationImpl.groovy:512)
at io.restassured.internal.ResponseSpecificationImpl$HamcrestAssertionClosure$validate$1.call(Unknown Source)
at io.restassured.internal.ResponseSpecificationImpl.validateResponseIfRequired(ResponseSpecificationImpl.groovy:696)
at io.restassured.internal.ResponseSpecificationImpl.this$2$validateResponseIfRequired(ResponseSpecificationImpl.groovy)
at org.codehaus.groovy.runtime.callsite.PlainObjectMetaMethodSite.doInvoke(PlainObjectMetaMethodSite.java:43)
at org.codehaus.groovy.runtime.callsite.PogoMetaMethodSite$PogoCachedMethodSiteNoUnwrapNoCoerce.invoke(PogoMetaMethodSite.java:198)
at org.codehaus.groovy.runtime.callsite.PogoMetaMethodSite.callCurrent(PogoMetaMethodSite.java:62)
at org.codehaus.groovy.runtime.callsite.AbstractCallSite.callCurrent(AbstractCallSite.java:185)
at io.restassured.internal.ResponseSpecificationImpl.body(ResponseSpecificationImpl.groovy:270)
at io.restassured.specification.ResponseSpecification$body$1.callCurrent(Unknown Source)
at io.restassured.internal.ResponseSpecificationImpl.body(ResponseSpecificationImpl.groovy:117)
at io.restassured.internal.ValidatableResponseOptionsImpl.body(ValidatableResponseOptionsImpl.java:244)
at ZippoTest.querryParamTest2(ZippoTest.java:236)
at java.util.ArrayList.forEach(ArrayList.java:1259)
... Removed 45 stack frames]]>
    </failure>
  </testcase> <!-- querryParamTest2 -->
  <testcase name="statusCodeTest" time="0.288" classname="ZippoTest"/>
  <testcase name="test" time="0.001" classname="ZippoTest"/>
  <testcase name="test1" time="0.798" classname="ZippoTest"/>
</testsuite>
